Start testing: Apr 25 16:46 CEST
----------------------------------------------------------
Unable to find executable: /home/masy00001/Documents/bioinfo2/Uebung01/build/tests/TestSuite1_tests
1/2 Testing: TestSuite1_tests
1/2 Test: TestSuite1_tests
Command: ""
Directory: /home/masy00001/Documents/bioinfo2/Uebung01/build/tests
"TestSuite1_tests" start time: 
Output:
----------------------------------------------------------
<end of output>
Test time =   0.00 sec
----------------------------------------------------------
Test Passed.
"TestSuite1_tests" end time: Apr 25 16:46 CEST
"TestSuite1_tests" time elapsed: 00:00:00
----------------------------------------------------------

Unable to find executable: /home/masy00001/Documents/bioinfo2/Uebung01/build/tests/DSSP_Test
2/2 Testing: DSSP_Test
2/2 Test: DSSP_Test
Command: ""
Directory: /home/masy00001/Documents/bioinfo2/Uebung01/build/tests
"DSSP_Test" start time: 
Output:
----------------------------------------------------------
<end of output>
Test time =   0.00 sec
----------------------------------------------------------
Test Passed.
"DSSP_Test" end time: Apr 25 16:46 CEST
"DSSP_Test" time elapsed: 00:00:00
----------------------------------------------------------

End testing: Apr 25 16:46 CEST
